<?xml version="1.0" encoding="UTF-8"?>
<!-- Generated by org.testng.reporters.JUnitXMLReporter -->
<testsuite ignored="0" hostname="DESKTOP-TKCBKNG" failures="1" tests="2" name="Default test" time="57.29" errors="0" timestamp="12 Mar 2025 19:14:45 GMT">
  <testcase classname="pomTests.MegaMenumApplePageTC" name="openAppleProductPage" time="1.58"/>
  <testcase classname="pomTests.MegaMenumApplePageTC" name="InitialValidations" time="39.836">
    <failure type="com.microsoft.playwright.TimeoutError" message="Error {
  message=&amp;apos;Timeout 30000ms exceeded.
=========================== logs ===========================
waiting for locator(&amp;quot;#input-sort-212434&amp;quot;)
  locator resolved to &amp;lt;select class=&amp;quot;custom-select&amp;quot; id=&amp;quot;input-sort-212434&amp;quot; onc…&amp;gt;…&amp;lt;/select&amp;gt;
  selecting specified option(s)
    did not find some options - waiting... 
============================================================
  name=&amp;apos;TimeoutError
  stack=&amp;apos;TimeoutError: Timeout 30000ms exceeded.
=========================== logs ===========================
waiting for locator(&amp;quot;#input-sort-212434&amp;quot;)
  locator resolved to &amp;lt;select class=&amp;quot;custom-select&amp;quot; id=&amp;quot;input-sort-212434&amp;quot; onc…&amp;gt;…&amp;lt;/select&amp;gt;
  selecting specified option(s)
    did not find some options - waiting... 
============================================================
    at ProgressController.run (C:\Users\dasun\AppData\Local\Temp\playwright-java-6614859780156211414\package\lib\server\progress.js:88:26)
    at Frame.selectOption (C:\Users\dasun\AppData\Local\Temp\playwright-java-6614859780156211414\package\lib\server\frames.js:1151:23)
    at FrameDispatcher.selectOption (C:\Users\dasun\AppData\Local\Temp\playwright-java-6614859780156211414\package\lib\server\dispatchers\frameDispatcher.js:238:33)
    at DispatcherConnection.dispatch (C:\Users\dasun\AppData\Local\Temp\playwright-java-6614859780156211414\package\lib\server\dispatchers\dispatcher.js:313:46)
}">
      <![CDATA[com.microsoft.playwright.TimeoutError: Error {
  message='Timeout 30000ms exceeded.
=========================== logs ===========================
waiting for locator("#input-sort-212434")
  locator resolved to <select class="custom-select" id="input-sort-212434" onc…>…</select>
  selecting specified option(s)
    did not find some options - waiting... 
============================================================
  name='TimeoutError
  stack='TimeoutError: Timeout 30000ms exceeded.
=========================== logs ===========================
waiting for locator("#input-sort-212434")
  locator resolved to <select class="custom-select" id="input-sort-212434" onc…>…</select>
  selecting specified option(s)
    did not find some options - waiting... 
============================================================
    at ProgressController.run (C:\Users\dasun\AppData\Local\Temp\playwright-java-6614859780156211414\package\lib\server\progress.js:88:26)
    at Frame.selectOption (C:\Users\dasun\AppData\Local\Temp\playwright-java-6614859780156211414\package\lib\server\frames.js:1151:23)
    at FrameDispatcher.selectOption (C:\Users\dasun\AppData\Local\Temp\playwright-java-6614859780156211414\package\lib\server\dispatchers\frameDispatcher.js:238:33)
    at DispatcherConnection.dispatch (C:\Users\dasun\AppData\Local\Temp\playwright-java-6614859780156211414\package\lib\server\dispatchers\dispatcher.js:313:46)
}
at com.microsoft.playwright.impl.WaitableResult.get(WaitableResult.java:52)
at com.microsoft.playwright.impl.ChannelOwner.runUntil(ChannelOwner.java:111)
at com.microsoft.playwright.impl.Connection.sendMessage(Connection.java:126)
at com.microsoft.playwright.impl.ChannelOwner.sendMessage(ChannelOwner.java:102)
at com.microsoft.playwright.impl.FrameImpl.selectOption(FrameImpl.java:722)
at com.microsoft.playwright.impl.FrameImpl.selectOptionImpl(FrameImpl.java:689)
at com.microsoft.playwright.impl.FrameImpl.lambda$selectOption$31(FrameImpl.java:677)
at com.microsoft.playwright.impl.LoggingSupport.withLogging(LoggingSupport.java:47)
at com.microsoft.playwright.impl.ChannelOwner.withLogging(ChannelOwner.java:87)
at com.microsoft.playwright.impl.FrameImpl.selectOption(FrameImpl.java:677)
at com.microsoft.playwright.impl.FrameImpl.selectOption(FrameImpl.java:119)
at com.microsoft.playwright.impl.LocatorImpl.selectOption(LocatorImpl.java:486)
at com.microsoft.playwright.Locator.selectOption(Locator.java:4374)
at com.lt.pages.MegaMenuPage.productOverview(MegaMenuPage.java:98)
at pomTests.MegaMenumApplePageTC.InitialValidations(MegaMenumApplePageTC.java:59)
at java.base/jdk.internal.reflect.DirectMethodHandleAccessor.invoke(DirectMethodHandleAccessor.java:103)
at java.base/java.lang.reflect.Method.invoke(Method.java:580)
at org.testng.internal.MethodInvocationHelper.invokeMethod(MethodInvocationHelper.java:124)
at org.testng.internal.Invoker.invokeMethod(Invoker.java:580)
at org.testng.internal.Invoker.invokeTestMethod(Invoker.java:716)
at org.testng.internal.Invoker.invokeTestMethods(Invoker.java:988)
at org.testng.internal.TestMethodWorker.invokeTestMethods(TestMethodWorker.java:125)
at org.testng.internal.TestMethodWorker.run(TestMethodWorker.java:109)
at org.testng.TestRunner.privateRun(TestRunner.java:648)
at org.testng.TestRunner.run(TestRunner.java:505)
at org.testng.SuiteRunner.runTest(SuiteRunner.java:455)
at org.testng.SuiteRunner.runSequentially(SuiteRunner.java:450)
at org.testng.SuiteRunner.privateRun(SuiteRunner.java:415)
at org.testng.SuiteRunner.run(SuiteRunner.java:364)
at org.testng.SuiteRunnerWorker.runSuite(SuiteRunnerWorker.java:52)
at org.testng.SuiteRunnerWorker.run(SuiteRunnerWorker.java:84)
at org.testng.TestNG.runSuitesSequentially(TestNG.java:1208)
at org.testng.TestNG.runSuitesLocally(TestNG.java:1137)
at org.testng.TestNG.runSuites(TestNG.java:1049)
at org.testng.TestNG.run(TestNG.java:1017)
at org.testng.remote.AbstractRemoteTestNG.run(AbstractRemoteTestNG.java:115)
at org.testng.remote.RemoteTestNG.initAndRun(RemoteTestNG.java:293)
at org.testng.remote.RemoteTestNG.main(RemoteTestNG.java:91)
Caused by: com.microsoft.playwright.TimeoutError: Error {
  message='Timeout 30000ms exceeded.
=========================== logs ===========================
waiting for locator("#input-sort-212434")
  locator resolved to <select class="custom-select" id="input-sort-212434" onc…>…</select>
  selecting specified option(s)
    did not find some options - waiting... 
============================================================
  name='TimeoutError
  stack='TimeoutError: Timeout 30000ms exceeded.
=========================== logs ===========================
waiting for locator("#input-sort-212434")
  locator resolved to <select class="custom-select" id="input-sort-212434" onc…>…</select>
  selecting specified option(s)
    did not find some options - waiting... 
============================================================
    at ProgressController.run (C:\Users\dasun\AppData\Local\Temp\playwright-java-6614859780156211414\package\lib\server\progress.js:88:26)
    at Frame.selectOption (C:\Users\dasun\AppData\Local\Temp\playwright-java-6614859780156211414\package\lib\server\frames.js:1151:23)
    at FrameDispatcher.selectOption (C:\Users\dasun\AppData\Local\Temp\playwright-java-6614859780156211414\package\lib\server\dispatchers\frameDispatcher.js:238:33)
    at DispatcherConnection.dispatch (C:\Users\dasun\AppData\Local\Temp\playwright-java-6614859780156211414\package\lib\server\dispatchers\dispatcher.js:313:46)
}
at com.microsoft.playwright.impl.Connection.dispatch(Connection.java:224)
at com.microsoft.playwright.impl.Connection.processOneMessage(Connection.java:206)
at com.microsoft.playwright.impl.ChannelOwner.runUntil(ChannelOwner.java:109)
... 36 more
]]>
    </failure>
  </testcase> <!-- InitialValidations -->
</testsuite> <!-- Default test -->
