<?xml version="1.0" encoding="UTF-8"?>
<testng-results ignored="4" total="5" passed="1" failed="0" skipped="0">
  <reporter-output>
  </reporter-output>
  <suite started-at="2025-04-17T17:39:55 IST" name="Default suite" finished-at="2025-04-17T17:40:13 IST" duration-ms="18704">
    <groups>
    </groups>
    <test started-at="2025-04-17T17:39:55 IST" name="Default test" finished-at="2025-04-17T17:40:13 IST" duration-ms="18704">
      <class name="pomTests.HomePageTC">
        <test-method is-config="true" signature="setUp()[pri:0, instance:pomTests.HomePageTC@37afeb11]" started-at="2025-04-17T17:39:55 IST" name="setUp" finished-at="2025-04-17T17:40:08 IST" duration-ms="13854" status="PASS">
          <reporter-output>
          </reporter-output>
        </test-method> <!-- setUp -->
        <test-method signature="TwoImages()[pri:5, instance:pomTests.HomePageTC@37afeb11]" started-at="2025-04-17T17:40:08 IST" name="TwoImages" description="Two images upper top trending catagories" finished-at="2025-04-17T17:40:13 IST" duration-ms="4447" status="PASS">
          <reporter-output>
          </reporter-output>
        </test-method> <!-- TwoImages -->
        <test-method is-config="true" signature="tearDown()[pri:0, instance:pomTests.HomePageTC@37afeb11]" started-at="2025-04-17T17:40:13 IST" name="tearDown" finished-at="2025-04-17T17:40:13 IST" duration-ms="366" status="PASS">
          <reporter-output>
          </reporter-output>
        </test-method> <!-- tearDown -->
      </class> <!-- pomTests.HomePageTC -->
    </test> <!-- Default test -->
  </suite> <!-- Default suite -->
</testng-results>
