<?xml version="1.0" encoding="UTF-8"?>
<testng-results ignored="0" total="2" passed="1" failed="1" skipped="0">
  <reporter-output>
  </reporter-output>
  <suite started-at="2025-03-12T19:13:47Z" name="Default suite" finished-at="2025-03-12T19:14:45Z" duration-ms="57290">
    <groups>
    </groups>
    <test started-at="2025-03-12T19:13:47Z" name="Default test" finished-at="2025-03-12T19:14:45Z" duration-ms="57290">
      <class name="pomTests.MegaMenumApplePageTC">
        <test-method is-config="true" signature="setUp()[pri:0, instance:pomTests.MegaMenumApplePageTC@57abad67]" started-at="2025-03-12T19:13:47Z" name="setUp" finished-at="2025-03-12T19:14:03Z" duration-ms="15452" status="PASS">
          <reporter-output>
          </reporter-output>
        </test-method> <!-- setUp -->
        <test-method signature="openAppleProductPage()[pri:1, instance:pomTests.MegaMenumApplePageTC@57abad67]" started-at="2025-03-12T19:14:03Z" name="openAppleProductPage" finished-at="2025-03-12T19:14:04Z" duration-ms="1580" status="PASS">
          <reporter-output>
          </reporter-output>
        </test-method> <!-- openAppleProductPage -->
        <test-method signature="InitialValidations()[pri:2, instance:pomTests.MegaMenumApplePageTC@57abad67]" started-at="2025-03-12T19:14:04Z" name="InitialValidations" finished-at="2025-03-12T19:14:44Z" duration-ms="39836" status="FAIL">
          <exception class="com.microsoft.playwright.TimeoutError">
            <message>
              <![CDATA[Error {
  message='Timeout 30000ms exceeded.
=========================== logs ===========================
waiting for locator("#input-sort-212434")
  locator resolved to <select class="custom-select" id="input-sort-212434" onc…>…</select>
  selecting specified option(s)
    did not find some options - waiting... 
============================================================
  name='TimeoutError
  stack='TimeoutError: Timeout 30000ms exceeded.
=========================== logs ===========================
waiting for locator("#input-sort-212434")
  locator resolved to <select class="custom-select" id="input-sort-212434" onc…>…</select>
  selecting specified option(s)
    did not find some options - waiting... 
============================================================
    at ProgressController.run (C:\Users\dasun\AppData\Local\Temp\playwright-java-6614859780156211414\package\lib\server\progress.js:88:26)
    at Frame.selectOption (C:\Users\dasun\AppData\Local\Temp\playwright-java-6614859780156211414\package\lib\server\frames.js:1151:23)
    at FrameDispatcher.selectOption (C:\Users\dasun\AppData\Local\Temp\playwright-java-6614859780156211414\package\lib\server\dispatchers\frameDispatcher.js:238:33)
    at DispatcherConnection.dispatch (C:\Users\dasun\AppData\Local\Temp\playwright-java-6614859780156211414\package\lib\server\dispatchers\dispatcher.js:313:46)
}]]>
            </message>
            <full-stacktrace>
              <![CDATA[com.microsoft.playwright.TimeoutError: Error {
  message='Timeout 30000ms exceeded.
=========================== logs ===========================
waiting for locator("#input-sort-212434")
  locator resolved to <select class="custom-select" id="input-sort-212434" onc…>…</select>
  selecting specified option(s)
    did not find some options - waiting... 
============================================================
  name='TimeoutError
  stack='TimeoutError: Timeout 30000ms exceeded.
=========================== logs ===========================
waiting for locator("#input-sort-212434")
  locator resolved to <select class="custom-select" id="input-sort-212434" onc…>…</select>
  selecting specified option(s)
    did not find some options - waiting... 
============================================================
    at ProgressController.run (C:\Users\dasun\AppData\Local\Temp\playwright-java-6614859780156211414\package\lib\server\progress.js:88:26)
    at Frame.selectOption (C:\Users\dasun\AppData\Local\Temp\playwright-java-6614859780156211414\package\lib\server\frames.js:1151:23)
    at FrameDispatcher.selectOption (C:\Users\dasun\AppData\Local\Temp\playwright-java-6614859780156211414\package\lib\server\dispatchers\frameDispatcher.js:238:33)
    at DispatcherConnection.dispatch (C:\Users\dasun\AppData\Local\Temp\playwright-java-6614859780156211414\package\lib\server\dispatchers\dispatcher.js:313:46)
}
at com.microsoft.playwright.impl.WaitableResult.get(WaitableResult.java:52)
at com.microsoft.playwright.impl.ChannelOwner.runUntil(ChannelOwner.java:111)
at com.microsoft.playwright.impl.Connection.sendMessage(Connection.java:126)
at com.microsoft.playwright.impl.ChannelOwner.sendMessage(ChannelOwner.java:102)
at com.microsoft.playwright.impl.FrameImpl.selectOption(FrameImpl.java:722)
at com.microsoft.playwright.impl.FrameImpl.selectOptionImpl(FrameImpl.java:689)
at com.microsoft.playwright.impl.FrameImpl.lambda$selectOption$31(FrameImpl.java:677)
at com.microsoft.playwright.impl.LoggingSupport.withLogging(LoggingSupport.java:47)
at com.microsoft.playwright.impl.ChannelOwner.withLogging(ChannelOwner.java:87)
at com.microsoft.playwright.impl.FrameImpl.selectOption(FrameImpl.java:677)
at com.microsoft.playwright.impl.FrameImpl.selectOption(FrameImpl.java:119)
at com.microsoft.playwright.impl.LocatorImpl.selectOption(LocatorImpl.java:486)
at com.microsoft.playwright.Locator.selectOption(Locator.java:4374)
at com.lt.pages.MegaMenuPage.productOverview(MegaMenuPage.java:98)
at pomTests.MegaMenumApplePageTC.InitialValidations(MegaMenumApplePageTC.java:59)
at java.base/jdk.internal.reflect.DirectMethodHandleAccessor.invoke(DirectMethodHandleAccessor.java:103)
at java.base/java.lang.reflect.Method.invoke(Method.java:580)
at org.testng.internal.MethodInvocationHelper.invokeMethod(MethodInvocationHelper.java:124)
at org.testng.internal.Invoker.invokeMethod(Invoker.java:580)
at org.testng.internal.Invoker.invokeTestMethod(Invoker.java:716)
at org.testng.internal.Invoker.invokeTestMethods(Invoker.java:988)
at org.testng.internal.TestMethodWorker.invokeTestMethods(TestMethodWorker.java:125)
at org.testng.internal.TestMethodWorker.run(TestMethodWorker.java:109)
at org.testng.TestRunner.privateRun(TestRunner.java:648)
at org.testng.TestRunner.run(TestRunner.java:505)
at org.testng.SuiteRunner.runTest(SuiteRunner.java:455)
at org.testng.SuiteRunner.runSequentially(SuiteRunner.java:450)
at org.testng.SuiteRunner.privateRun(SuiteRunner.java:415)
at org.testng.SuiteRunner.run(SuiteRunner.java:364)
at org.testng.SuiteRunnerWorker.runSuite(SuiteRunnerWorker.java:52)
at org.testng.SuiteRunnerWorker.run(SuiteRunnerWorker.java:84)
at org.testng.TestNG.runSuitesSequentially(TestNG.java:1208)
at org.testng.TestNG.runSuitesLocally(TestNG.java:1137)
at org.testng.TestNG.runSuites(TestNG.java:1049)
at org.testng.TestNG.run(TestNG.java:1017)
at org.testng.remote.AbstractRemoteTestNG.run(AbstractRemoteTestNG.java:115)
at org.testng.remote.RemoteTestNG.initAndRun(RemoteTestNG.java:293)
at org.testng.remote.RemoteTestNG.main(RemoteTestNG.java:91)
Caused by: com.microsoft.playwright.TimeoutError: Error {
  message='Timeout 30000ms exceeded.
=========================== logs ===========================
waiting for locator("#input-sort-212434")
  locator resolved to <select class="custom-select" id="input-sort-212434" onc…>…</select>
  selecting specified option(s)
    did not find some options - waiting... 
============================================================
  name='TimeoutError
  stack='TimeoutError: Timeout 30000ms exceeded.
=========================== logs ===========================
waiting for locator("#input-sort-212434")
  locator resolved to <select class="custom-select" id="input-sort-212434" onc…>…</select>
  selecting specified option(s)
    did not find some options - waiting... 
============================================================
    at ProgressController.run (C:\Users\dasun\AppData\Local\Temp\playwright-java-6614859780156211414\package\lib\server\progress.js:88:26)
    at Frame.selectOption (C:\Users\dasun\AppData\Local\Temp\playwright-java-6614859780156211414\package\lib\server\frames.js:1151:23)
    at FrameDispatcher.selectOption (C:\Users\dasun\AppData\Local\Temp\playwright-java-6614859780156211414\package\lib\server\dispatchers\frameDispatcher.js:238:33)
    at DispatcherConnection.dispatch (C:\Users\dasun\AppData\Local\Temp\playwright-java-6614859780156211414\package\lib\server\dispatchers\dispatcher.js:313:46)
}
at com.microsoft.playwright.impl.Connection.dispatch(Connection.java:224)
at com.microsoft.playwright.impl.Connection.processOneMessage(Connection.java:206)
at com.microsoft.playwright.impl.ChannelOwner.runUntil(ChannelOwner.java:109)
... 36 more
]]>
            </full-stacktrace>
          </exception> <!-- com.microsoft.playwright.TimeoutError -->
          <reporter-output>
          </reporter-output>
        </test-method> <!-- InitialValidations -->
        <test-method is-config="true" signature="tearDown()[pri:0, instance:pomTests.MegaMenumApplePageTC@57abad67]" started-at="2025-03-12T19:14:44Z" name="tearDown" finished-at="2025-03-12T19:14:45Z" duration-ms="311" status="PASS">
          <reporter-output>
          </reporter-output>
        </test-method> <!-- tearDown -->
      </class> <!-- pomTests.MegaMenumApplePageTC -->
    </test> <!-- Default test -->
  </suite> <!-- Default suite -->
</testng-results>
